12:40:22 **** Build of configuration Debug for project jiami ****
make all 
Building file: ../src/jiam.c
Invoking: GCC C Compiler
gcc -O0 -g3 -Wall -c -fmessage-length=0 -MMD -MP -MF"src/jiam.d" -MT"src/jiam.o" -o "src/jiam.o" "../src/jiam.c"
../src/jiam.c:10:6: warning: return type of ‘main’ is not ‘int’ [-Wmain]
 void main()
      ^
Finished building: ../src/jiam.c
 
Building target: jiami
Invoking: GCC C Linker
gcc  -o "jiami"  ./src/jiam.o   
Finished building target: jiami
 

12:40:22 Build Finished (took 853ms)

12:40:22 **** Build of configuration Release for project jiami ****
make all 
Building file: ../src/jiam.c
Invoking: GCC C Compiler
gcc -O3 -Wall -c -fmessage-length=0 -MMD -MP -MF"src/jiam.d" -MT"src/jiam.o" -o "src/jiam.o" "../src/jiam.c"
../src/jiam.c:10:6: warning: return type of ‘main’ is not ‘int’ [-Wmain]
 void main()
      ^
Finished building: ../src/jiam.c
 
Building target: jiami
Invoking: GCC C Linker
gcc  -o "jiami"  ./src/jiam.o   
Finished building target: jiami
 
12:41:01 **** Clean-only build of configuration Debug for project jiami ****
make clean 
rm -rf  ./src/jiam.o  ./src/jiam.d  jiami
 
12:41:01 **** Incremental Build of configuration Debug for project jiami ****
make all 
Building file: ../src/jiam.c
Invoking: GCC C Compiler
gcc -O0 -g3 -Wall -c -fmessage-length=0 -MMD -MP -MF"src/jiam.d" -MT"src/jiam.o" -o "src/jiam.o" "../src/jiam.c"
../src/jiam.c:10:6: warning: return type of ‘main’ is not ‘int’ [-Wmain]
 void main()
      ^
Finished building: ../src/jiam.c
 
Building target: jiami
Invoking: GCC C Linker
gcc  -o "jiami"  ./src/jiam.o   
Finished building target: jiami
 
12:41:05 **** Incremental Build of configuration Debug for project jiami ****
make all 
make: Nothing to be done for 'all'.
